<?xml version="1.0" encoding="UTF-8"?>
<!-- Generated by org.testng.reporters.JUnitReportReporter -->
<testsuite hostname="Venkat-Lappy" failures="0" tests="4" name="lmsApiTesting.LMS_Delete" time="9.466" errors="0" timestamp="2022-03-14T22:09:11 EDT" skipped="0">
  <testcase classname="lmsApiTesting.LMS_Delete" name="Should_Fail_Delete_Job" time="5.856"/>
  <system-out/>
  <testcase classname="lmsApiTesting.LMS_Delete" name="Should_Pass_Delete_Program" time="1.135"/>
  <system-out/>
  <testcase classname="lmsApiTesting.LMS_Delete" name="Should_Pass_Delete_Program" time="1.015"/>
  <system-out/>
  <testcase classname="lmsApiTesting.LMS_Delete" name="Should_Pass_Delete_Program" time="1.460"/>
  <system-out/>
</testsuite> <!-- lmsApiTesting.LMS_Delete -->
