<?xml version="1.0" encoding="UTF-8"?>
<!-- Generated by org.testng.reporters.JUnitReportReporter -->
<testsuite hostname="Venkat-Lappy" failures="0" tests="3" name="lmsApiTesting.LMS_Put" time="7.485" errors="0" timestamp="2022-03-14T22:08:44 EDT" skipped="0">
  <testcase classname="lmsApiTesting.LMS_Put" name="Should_Modify_Program_Data" time="0.665"/>
  <system-out/>
  <testcase classname="lmsApiTesting.LMS_Put" name="Should_Modify_Program_Data" time="0.619"/>
  <system-out/>
  <testcase classname="lmsApiTesting.LMS_Put" name="Should_Modify_Program_Data" time="6.201"/>
  <system-out/>
</testsuite> <!-- lmsApiTesting.LMS_Put -->
