<?xml version="1.0" encoding="UTF-8"?>
<!-- Generated by org.testng.reporters.JUnitReportReporter -->
<testsuite hostname="Venkat-Lappy" failures="0" tests="3" name="lmsApiTesting.LMS_Post" time="8.058" errors="0" timestamp="2022-03-15T10:19:47 EDT" skipped="0">
  <testcase classname="lmsApiTesting.LMS_Post" name="Should_Post_New_Program" time="0.586"/>
  <system-out/>
  <testcase classname="lmsApiTesting.LMS_Post" name="Should_Post_New_Program" time="0.473"/>
  <system-out/>
  <testcase classname="lmsApiTesting.LMS_Post" name="Should_Post_New_Program" time="6.999"/>
  <system-out/>
</testsuite> <!-- lmsApiTesting.LMS_Post -->
