<?xml version="1.0" encoding="UTF-8"?>
<!-- Generated by org.testng.reporters.JUnitReportReporter -->
<testsuite hostname="Venkat-Lappy" failures="0" tests="3" name="lmsApiTesting.LMS_Get" time="7.989" errors="0" timestamp="2022-03-14T22:08:12 EDT" skipped="0">
  <testcase classname="lmsApiTesting.LMS_Get" name="Should_Get_Program_By_ID" time="1.522"/>
  <system-out/>
  <testcase classname="lmsApiTesting.LMS_Get" name="Should_Get_Program_By_ID" time="5.575"/>
  <system-out/>
  <testcase classname="lmsApiTesting.LMS_Get" name="Should_Get_Program_By_ID" time="0.892"/>
  <system-out/>
</testsuite> <!-- lmsApiTesting.LMS_Get -->
